0 info it worked if it ends with ok
1 verbose cli [ '/usr/bin/nodejs', '/usr/bin/npm', 'install', 'http' ]
2 info using npm@1.3.10
3 info using node@v0.10.25
4 verbose cache add [ 'http', null ]
5 verbose cache add name=undefined spec="http" args=["http",null]
6 verbose parsed url { protocol: null,
6 verbose parsed url   slashes: null,
6 verbose parsed url   auth: null,
6 verbose parsed url   host: null,
6 verbose parsed url   port: null,
6 verbose parsed url   hostname: null,
6 verbose parsed url   hash: null,
6 verbose parsed url   search: null,
6 verbose parsed url   query: null,
6 verbose parsed url   pathname: 'http',
6 verbose parsed url   path: 'http',
6 verbose parsed url   href: 'http' }
7 silly lockFile 77b5f8e3-http http
8 verbose lock http /home/scriptbees/.npm/77b5f8e3-http.lock
9 silly lockFile 77b5f8e3-http http
10 silly lockFile 77b5f8e3-http http
11 verbose addNamed [ 'http', '' ]
12 verbose addNamed [ null, '*' ]
13 silly lockFile c1086ff9-http http@
14 verbose lock http@ /home/scriptbees/.npm/c1086ff9-http.lock
15 silly addNameRange { name: 'http', range: '*', hasData: false }
16 verbose url raw http
17 verbose url resolving [ 'https://registry.npmjs.org/', './http' ]
18 verbose url resolved https://registry.npmjs.org/http
19 info trying registry request attempt 1 at 19:29:07
20 http GET https://registry.npmjs.org/http
21 http 200 https://registry.npmjs.org/http
22 silly registry.get cb [ 200,
22 silly registry.get   { server: 'nginx/1.10.1',
22 silly registry.get     'content-type': 'application/json',
22 silly registry.get     'last-modified': 'Wed, 22 Jan 2014 17:02:04 GMT',
22 silly registry.get     etag: '"52dff98c-3c5"',
22 silly registry.get     'cache-control': 'max-age=300',
22 silly registry.get     'content-length': '965',
22 silly registry.get     'accept-ranges': 'bytes',
22 silly registry.get     date: 'Fri, 23 Dec 2016 13:59:08 GMT',
22 silly registry.get     via: '1.1 varnish',
22 silly registry.get     age: '0',
22 silly registry.get     connection: 'keep-alive',
22 silly registry.get     'x-served-by': 'cache-sin6926-SIN',
22 silly registry.get     'x-cache': 'MISS',
22 silly registry.get     'x-cache-hits': '0',
22 silly registry.get     'x-timer': 'S1482501547.829630,VS0,VE202',
22 silly registry.get     vary: 'Accept-Encoding' } ]
23 silly addNameRange number 2 { name: 'http', range: '*', hasData: true }
24 silly addNameRange versions [ 'http', [ '0.0.0' ] ]
25 verbose addNamed [ 'http', '0.0.0' ]
26 verbose addNamed [ '0.0.0', '0.0.0' ]
27 silly lockFile 5c64bf45-http-0-0-0 http@0.0.0
28 verbose lock http@0.0.0 /home/scriptbees/.npm/5c64bf45-http-0-0-0.lock
29 silly lockFile a092f7e2-ry-npmjs-org-http-http-0-0-0-tgz https://registry.npmjs.org/http/-/http-0.0.0.tgz
30 verbose lock https://registry.npmjs.org/http/-/http-0.0.0.tgz /home/scriptbees/.npm/a092f7e2-ry-npmjs-org-http-http-0-0-0-tgz.lock
31 verbose addRemoteTarball [ 'https://registry.npmjs.org/http/-/http-0.0.0.tgz',
31 verbose addRemoteTarball   '86e6326d29c5d039de9fac584a45689f929f4f72' ]
32 silly lockFile a092f7e2-ry-npmjs-org-http-http-0-0-0-tgz https://registry.npmjs.org/http/-/http-0.0.0.tgz
33 silly lockFile a092f7e2-ry-npmjs-org-http-http-0-0-0-tgz https://registry.npmjs.org/http/-/http-0.0.0.tgz
34 silly lockFile 5c64bf45-http-0-0-0 http@0.0.0
35 silly lockFile 5c64bf45-http-0-0-0 http@0.0.0
36 silly lockFile c1086ff9-http http@
37 silly lockFile c1086ff9-http http@
38 error Error: EACCES, mkdir '/home/scriptbees/tmp/npm-12570-ZMN4ORKu'
38 error  { [Error: EACCES, mkdir '/home/scriptbees/tmp/npm-12570-ZMN4ORKu']
38 error   errno: 3,
38 error   code: 'EACCES',
38 error   path: '/home/scriptbees/tmp/npm-12570-ZMN4ORKu' }
39 error Please try running this command again as root/Administrator.
40 error System Linux 3.13.0-37-generic
41 error command "/usr/bin/nodejs" "/usr/bin/npm" "install" "http"
42 error cwd /home/scriptbees/socket
43 error node -v v0.10.25
44 error npm -v 1.3.10
45 error path /home/scriptbees/tmp/npm-12570-ZMN4ORKu
46 error code EACCES
47 error errno 3
48 error stack Error: EACCES, mkdir '/home/scriptbees/tmp/npm-12570-ZMN4ORKu'
49 verbose exit [ 3, true ]
